0 info it worked if it ends with ok
1 verbose cli [ '/home/vagrant/.nvm/versions/node/v6.3.1/bin/node',
1 verbose cli   '/home/vagrant/.nvm/versions/node/v6.3.1/bin/npm',
1 verbose cli   'install',
1 verbose cli   '-g',
1 verbose cli   'phantomjs' ]
2 info using npm@3.10.3
3 info using node@v6.3.1
4 silly loadCurrentTree Starting
5 silly install loadCurrentTree
6 silly install readGlobalPackageData
7 silly fetchPackageMetaData phantomjs
8 silly fetchNamedPackageData phantomjs
9 silly mapToRegistry name phantomjs
10 silly mapToRegistry using default registry
11 silly mapToRegistry registry https://registry.npmjs.org/
12 silly mapToRegistry data Result {
12 silly mapToRegistry   raw: 'phantomjs',
12 silly mapToRegistry   scope: null,
12 silly mapToRegistry   escapedName: 'phantomjs',
12 silly mapToRegistry   name: 'phantomjs',
12 silly mapToRegistry   rawSpec: '',
12 silly mapToRegistry   spec: 'latest',
12 silly mapToRegistry   type: 'tag' }
13 silly mapToRegistry uri https://registry.npmjs.org/phantomjs
14 verbose request uri https://registry.npmjs.org/phantomjs
15 verbose request no auth needed
16 info attempt registry request try #1 at 4:02:11 PM
17 verbose request id 4d69b41b459e2817
18 http request GET https://registry.npmjs.org/phantomjs
19 info retry will retry, error on last attempt: Error: getaddrinfo EAI_AGAIN registry.npmjs.org:443
20 info attempt registry request try #2 at 4:02:41 PM
21 http request GET https://registry.npmjs.org/phantomjs
22 info retry will retry, error on last attempt: Error: getaddrinfo EAI_AGAIN registry.npmjs.org:443
23 info attempt registry request try #3 at 4:04:01 PM
24 http request GET https://registry.npmjs.org/phantomjs
25 silly fetchPackageMetaData Error: getaddrinfo EAI_AGAIN registry.npmjs.org:443
25 silly fetchPackageMetaData     at Object.exports._errnoException (util.js:1012:11)
25 silly fetchPackageMetaData     at errnoException (dns.js:33:15)
25 silly fetchPackageMetaData     at GetAddrInfoReqWrap.onlookup [as oncomplete] (dns.js:79:26)
25 silly fetchPackageMetaData  error for phantomjs { Error: getaddrinfo EAI_AGAIN registry.npmjs.org:443
25 silly fetchPackageMetaData     at Object.exports._errnoException (util.js:1012:11)
25 silly fetchPackageMetaData     at errnoException (dns.js:33:15)
25 silly fetchPackageMetaData     at GetAddrInfoReqWrap.onlookup [as oncomplete] (dns.js:79:26)
25 silly fetchPackageMetaData   code: 'EAI_AGAIN',
25 silly fetchPackageMetaData   errno: 'EAI_AGAIN',
25 silly fetchPackageMetaData   syscall: 'getaddrinfo',
25 silly fetchPackageMetaData   hostname: 'registry.npmjs.org',
25 silly fetchPackageMetaData   host: 'registry.npmjs.org',
25 silly fetchPackageMetaData   port: 443 }
26 silly rollbackFailedOptional Starting
27 silly rollbackFailedOptional Finishing
28 silly runTopLevelLifecycles Starting
29 silly runTopLevelLifecycles Finishing
30 silly install printInstalled
31 verbose stack Error: getaddrinfo EAI_AGAIN registry.npmjs.org:443
31 verbose stack     at Object.exports._errnoException (util.js:1012:11)
31 verbose stack     at errnoException (dns.js:33:15)
31 verbose stack     at GetAddrInfoReqWrap.onlookup [as oncomplete] (dns.js:79:26)
32 verbose cwd /vagrant/jungle-rails
33 error Linux 4.4.0-21-generic
34 error argv "/home/vagrant/.nvm/versions/node/v6.3.1/bin/node" "/home/vagrant/.nvm/versions/node/v6.3.1/bin/npm" "install" "-g" "phantomjs"
35 error node v6.3.1
36 error npm  v3.10.3
37 error code EAI_AGAIN
38 error errno EAI_AGAIN
39 error syscall getaddrinfo
40 error getaddrinfo EAI_AGAIN registry.npmjs.org:443
41 error If you need help, you may report this error at:
41 error     <https://github.com/npm/npm/issues>
42 verbose exit [ 1, true ]
